STARTING LOADING PROCESS 
Page name: Central de Pasajes
Main URL: http://www.centraldepasajes.com.ar/
Page Type: 2
Number of cities to load: 7
Number of days to load: 5
Started at: 27-10-2017 00:28:51
STARTING LOADING PROCESS 
Page name: Central de Pasajes
Main URL: http://www.centraldepasajes.com.ar/
Page Type: 2
Number of cities to load: 2
Number of days to load: 5
Started at: 27-10-2017 00:32:40
ENDING LOADING PROCESS 
Number of loaded travels: 0
Ended at: 27-10-2017 00:36:35
Total duration: 0:03:54.207815
----------------------------------------------------
STARTING LOADING PROCESS 
Page name: Central de Pasajes
Main URL: http://www.centraldepasajes.com.ar/
Page Type: 2
Number of cities to load: 2
Number of days to load: 5
Started at: 27-10-2017 00:39:54
ENDING LOADING PROCESS 
Number of loaded travels: 0
Ended at: 27-10-2017 00:45:51
Total duration: 0:05:56.583377
----------------------------------------------------
