STARTING LOADING PROCESS 
Page name: Copay
Main URL: http://www.copay.coop/destinos.html
Page Type: 3
Number of cities to load: 4
Number of days to load: 5
Started at: 25-10-2017 18:21:50
STARTING LOADING PROCESS 
Page name: Copay
Main URL: http://www.copay.coop/destinos.html
Page Type: 3
Number of cities to load: 4
Number of days to load: 5
Started at: 25-10-2017 18:23:00
ENDING LOADING PROCESS 
Number of loaded travels: 101
Ended at: 25-10-2017 18:23:11
Total duration: 0:00:00.000014
----------------------------------------------------
STARTING LOADING PROCESS 
Page name: Copay
Main URL: http://www.copay.coop/destinos.html
Page Type: 3
Number of cities to load: 4
Number of days to load: 5
Started at: 25-10-2017 18:24:23
ENDING LOADING PROCESS 
Number of loaded travels: 101
Ended at: 25-10-2017 18:24:36
Total duration: 0:00:12.491846
----------------------------------------------------
