STARTING LOADING PROCESS 
Page name: Google Flights
Main URL: https://www.google.es/flights/?curr=USD#search;tt=o;eo=o;
Page Type: 2
Number of cities to load: 4
Number of days to load: 5
Started at: 27-10-2017 00:25:42

LOADING PROCESS STARTED
Page name: Google Flights
Main URL: https://www.google.es/flights/?curr=USD#search;tt=o;eo=o;
Page Type: 2
Number of cities to load: 4
Number of days to load: 1
Started at: 31-10-2017 01:49:52
WARNING: Unknown travel agency JJ  found, using Generic travel agency instead. If you want JJ  to be shown in the webpage add it to the database first as a new travel agency or as an alias of an exisiting one.
WARNING: No price tag was found for a travel from Montevideo to Buenos Aires the 2017-11-30. The travel will be skipped.
WARNING: No price tag was found for a travel from Montevideo to Buenos Aires the 2017-11-30. The travel will be skipped.
WARNING: No price tag was found for a travel from Montevideo to Buenos Aires the 2017-11-30. The travel will be skipped.
WARNING: No price tag was found for a travel from Montevideo to Buenos Aires the 2017-11-30. The travel will be skipped.
WARNING: No price tag was found for a travel from Montevideo to Buenos Aires the 2017-11-30. The travel will be skipped.
WARNING: No price tag was found for a travel from Montevideo to Buenos Aires the 2017-11-30. The travel will be skipped.
WARNING: No price tag was found for a travel from Montevideo to Buenos Aires the 2017-11-30. The travel will be skipped.
WARNING: No price tag was found for a travel from Montevideo to Buenos Aires the 2017-11-30. The travel will be skipped.
WARNING: Unknown travel agency AV  found, using Generic travel agency instead. If you want AV  to be shown in the webpage add it to the database first as a new travel agency or as an alias of an exisiting one.
WARNING: Unknown travel agency Operado por COPATambien comercializado por UnitedCOPA  United found, using Generic travel agency instead. If you want Operado por COPATambien comercializado por UnitedCOPA  United to be shown in the webpage add it to the database first as a new travel agency or as an alias of an exisiting one.
WARNING: Unknown travel agency AV  found, using Generic travel agency instead. If you want AV  to be shown in the webpage add it to the database first as a new travel agency or as an alias of an exisiting one.
WARNING: Unknown travel agency COPA found, using Generic travel agency instead. If you want COPA to be shown in the webpage add it to the database first as a new travel agency or as an alias of an exisiting one.
WARNING: Unknown travel agency American. LATAM found, using Generic travel agency instead. If you want American. LATAM to be shown in the webpage add it to the database first as a new travel agency or as an alias of an exisiting one.
WARNING: Unknown travel agency Operado por LATAMTambien comercializado por LATAM. AmericanLATAM  LATAM. American found, using Generic travel agency instead. If you want Operado por LATAMTambien comercializado por LATAM. AmericanLATAM  LATAM. American to be shown in the webpage add it to the database first as a new travel agency or as an alias of an exisiting one.
WARNING: Unknown travel agency Operado por American. LATAMTambien comercializado por LATAMJJ  found, using Generic travel agency instead. If you want Operado por American. LATAMTambien comercializado por LATAMJJ  to be shown in the webpage add it to the database first as a new travel agency or as an alias of an exisiting one.
WARNING: Unknown travel agency Operado por LATAMTambien comercializado por AmericanLATAM  American found, using Generic travel agency instead. If you want Operado por LATAMTambien comercializado por AmericanLATAM  American to be shown in the webpage add it to the database first as a new travel agency or as an alias of an exisiting one.
WARNING: Unknown travel agency American found, using Generic travel agency instead. If you want American to be shown in the webpage add it to the database first as a new travel agency or as an alias of an exisiting one.
WARNING: Unknown travel agency Operado por AviancaTambien comercializado por UnitedAV  found, using Generic travel agency instead. If you want Operado por AviancaTambien comercializado por UnitedAV  to be shown in the webpage add it to the database first as a new travel agency or as an alias of an exisiting one.
WARNING: Unknown travel agency AV  found, using Generic travel agency instead. If you want AV  to be shown in the webpage add it to the database first as a new travel agency or as an alias of an exisiting one.
WARNING: Unknown travel agency COPA found, using Generic travel agency instead. If you want COPA to be shown in the webpage add it to the database first as a new travel agency or as an alias of an exisiting one.
WARNING: Unknown travel agency American found, using Generic travel agency instead. If you want American to be shown in the webpage add it to the database first as a new travel agency or as an alias of an exisiting one.
WARNING: Unknown travel agency Operado por COPATambien comercializado por UnitedCOPA  United found, using Generic travel agency instead. If you want Operado por COPATambien comercializado por UnitedCOPA  United to be shown in the webpage add it to the database first as a new travel agency or as an alias of an exisiting one.
WARNING: Unknown travel agency Operado por LATAMTambien comercializado por AmericanLATAM  American found, using Generic travel agency instead. If you want Operado por LATAMTambien comercializado por AmericanLATAM  American to be shown in the webpage add it to the database first as a new travel agency or as an alias of an exisiting one.
WARNING: Unknown travel agency Operado por LATAMTambien comercializado por LATAM. AmericanJJ  found, using Generic travel agency instead. If you want Operado por LATAMTambien comercializado por LATAM. AmericanJJ  to be shown in the webpage add it to the database first as a new travel agency or as an alias of an exisiting one.
WARNING: Unknown travel agency Operado por LATAMTambien comercializado por AmericanLATAM  American found, using Generic travel agency instead. If you want Operado por LATAMTambien comercializado por AmericanLATAM  American to be shown in the webpage add it to the database first as a new travel agency or as an alias of an exisiting one.
WARNING: Unknown travel agency Operado por COPATambien comercializado por UnitedCOPA  United found, using Generic travel agency instead. If you want Operado por COPATambien comercializado por UnitedCOPA  United to be shown in the webpage add it to the database first as a new travel agency or as an alias of an exisiting one.
WARNING: No price tag was found for a travel from Buenos Aires to Montevideo the 2017-11-30. The travel will be skipped.
WARNING: No price tag was found for a travel from Buenos Aires to Montevideo the 2017-11-30. The travel will be skipped.
WARNING: No price tag was found for a travel from Buenos Aires to Montevideo the 2017-11-30. The travel will be skipped.
WARNING: No price tag was found for a travel from Buenos Aires to Montevideo the 2017-11-30. The travel will be skipped.
WARNING: No price tag was found for a travel from Buenos Aires to Montevideo the 2017-11-30. The travel will be skipped.
WARNING: No price tag was found for a travel from Buenos Aires to Montevideo the 2017-11-30. The travel will be skipped.
WARNING: No price tag was found for a travel from Buenos Aires to Montevideo the 2017-11-30. The travel will be skipped.
WARNING: No price tag was found for a travel from Buenos Aires to Montevideo the 2017-11-30. The travel will be skipped.
WARNING: Unknown travel agency Avianca. Aerolineas Argentinas found, using Generic travel agency instead. If you want Avianca. Aerolineas Argentinas to be shown in the webpage add it to the database first as a new travel agency or as an alias of an exisiting one.
WARNING: Unknown travel agency AV  found, using Generic travel agency instead. If you want AV  to be shown in the webpage add it to the database first as a new travel agency or as an alias of an exisiting one.
WARNING: Unknown travel agency AV  found, using Generic travel agency instead. If you want AV  to be shown in the webpage add it to the database first as a new travel agency or as an alias of an exisiting one.
WARNING: Unknown travel agency AV  found, using Generic travel agency instead. If you want AV  to be shown in the webpage add it to the database first as a new travel agency or as an alias of an exisiting one.
WARNING: Unknown travel agency AV  found, using Generic travel agency instead. If you want AV  to be shown in the webpage add it to the database first as a new travel agency or as an alias of an exisiting one.
WARNING: Unknown travel agency AV  found, using Generic travel agency instead. If you want AV  to be shown in the webpage add it to the database first as a new travel agency or as an alias of an exisiting one.
WARNING: Unknown travel agency AV  found, using Generic travel agency instead. If you want AV  to be shown in the webpage add it to the database first as a new travel agency or as an alias of an exisiting one.
WARNING: Unknown travel agency COPA found, using Generic travel agency instead. If you want COPA to be shown in the webpage add it to the database first as a new travel agency or as an alias of an exisiting one.
WARNING: Unknown travel agency United found, using Generic travel agency instead. If you want United to be shown in the webpage add it to the database first as a new travel agency or as an alias of an exisiting one.
WARNING: Unknown travel agency Operado por AmericanTambien comercializado por LATAMAmerican  LATAM found, using Generic travel agency instead. If you want Operado por AmericanTambien comercializado por LATAMAmerican  LATAM to be shown in the webpage add it to the database first as a new travel agency or as an alias of an exisiting one.
WARNING: Unknown travel agency Operado por Aerolineas ArgentinasTambien comercializado por DeltaAerolineas Argentinas  Delta found, using Generic travel agency instead. If you want Operado por Aerolineas ArgentinasTambien comercializado por DeltaAerolineas Argentinas  Delta to be shown in the webpage add it to the database first as a new travel agency or as an alias of an exisiting one.
WARNING: Unknown travel agency BoA found, using Generic travel agency instead. If you want BoA to be shown in the webpage add it to the database first as a new travel agency or as an alias of an exisiting one.
WARNING: Unknown travel agency AV  found, using Generic travel agency instead. If you want AV  to be shown in the webpage add it to the database first as a new travel agency or as an alias of an exisiting one.
WARNING: Unknown travel agency AV  found, using Generic travel agency instead. If you want AV  to be shown in the webpage add it to the database first as a new travel agency or as an alias of an exisiting one.
WARNING: Unknown travel agency AV  found, using Generic travel agency instead. If you want AV  to be shown in the webpage add it to the database first as a new travel agency or as an alias of an exisiting one.
WARNING: Unknown travel agency AV  found, using Generic travel agency instead. If you want AV  to be shown in the webpage add it to the database first as a new travel agency or as an alias of an exisiting one.
WARNING: Unknown travel agency COPA found, using Generic travel agency instead. If you want COPA to be shown in the webpage add it to the database first as a new travel agency or as an alias of an exisiting one.
WARNING: Unknown travel agency COPA found, using Generic travel agency instead. If you want COPA to be shown in the webpage add it to the database first as a new travel agency or as an alias of an exisiting one.
WARNING: Unknown travel agency Operado por LATAMTambien comercializado por AmericanLATAM  American found, using Generic travel agency instead. If you want Operado por LATAMTambien comercializado por AmericanLATAM  American to be shown in the webpage add it to the database first as a new travel agency or as an alias of an exisiting one.
WARNING: Unknown travel agency Operado por LATAMTambien comercializado por AmericanLATAM  American found, using Generic travel agency instead. If you want Operado por LATAMTambien comercializado por AmericanLATAM  American to be shown in the webpage add it to the database first as a new travel agency or as an alias of an exisiting one.
WARNING: Unknown travel agency Operado por AmericanTambien comercializado por LATAMAA  found, using Generic travel agency instead. If you want Operado por AmericanTambien comercializado por LATAMAA  to be shown in the webpage add it to the database first as a new travel agency or as an alias of an exisiting one.
WARNING: Unknown travel agency Operado por AmericanTambien comercializado por LATAMAmerican  LATAM found, using Generic travel agency instead. If you want Operado por AmericanTambien comercializado por LATAMAmerican  LATAM to be shown in the webpage add it to the database first as a new travel agency or as an alias of an exisiting one.
WARNING: Unknown travel agency Operado por AmericanTambien comercializado por LATAMAmerican  LATAM found, using Generic travel agency instead. If you want Operado por AmericanTambien comercializado por LATAMAmerican  LATAM to be shown in the webpage add it to the database first as a new travel agency or as an alias of an exisiting one.
WARNING: Unknown travel agency Operado por Aerolineas ArgentinasTambien comercializado por DeltaAerolineas Argentinas  Delta found, using Generic travel agency instead. If you want Operado por Aerolineas ArgentinasTambien comercializado por DeltaAerolineas Argentinas  Delta to be shown in the webpage add it to the database first as a new travel agency or as an alias of an exisiting one.
WARNING: Unknown travel agency Operado por Aerolineas ArgentinasTambien comercializado por DeltaAerolineas Argentinas  Delta found, using Generic travel agency instead. If you want Operado por Aerolineas ArgentinasTambien comercializado por DeltaAerolineas Argentinas  Delta to be shown in the webpage add it to the database first as a new travel agency or as an alias of an exisiting one.
WARNING: Unknown travel agency AV  found, using Generic travel agency instead. If you want AV  to be shown in the webpage add it to the database first as a new travel agency or as an alias of an exisiting one.
WARNING: Unknown travel agency Operado por COPATambien comercializado por UnitedCOPA  United found, using Generic travel agency instead. If you want Operado por COPATambien comercializado por UnitedCOPA  United to be shown in the webpage add it to the database first as a new travel agency or as an alias of an exisiting one.
WARNING: Unknown travel agency Operado por LATAMTambien comercializado por AmericanLATAM  American found, using Generic travel agency instead. If you want Operado por LATAMTambien comercializado por AmericanLATAM  American to be shown in the webpage add it to the database first as a new travel agency or as an alias of an exisiting one.
WARNING: Unknown travel agency American found, using Generic travel agency instead. If you want American to be shown in the webpage add it to the database first as a new travel agency or as an alias of an exisiting one.
WARNING: Unknown travel agency AV  found, using Generic travel agency instead. If you want AV  to be shown in the webpage add it to the database first as a new travel agency or as an alias of an exisiting one.
WARNING: Unknown travel agency Operado por COPATambien comercializado por UnitedCOPA  United found, using Generic travel agency instead. If you want Operado por COPATambien comercializado por UnitedCOPA  United to be shown in the webpage add it to the database first as a new travel agency or as an alias of an exisiting one.
WARNING: Unknown travel agency COPA found, using Generic travel agency instead. If you want COPA to be shown in the webpage add it to the database first as a new travel agency or as an alias of an exisiting one.
WARNING: Unknown travel agency Operado por American. LATAMTambien comercializado por LATAMAmerican. LATAM  LATAM found, using Generic travel agency instead. If you want Operado por American. LATAMTambien comercializado por LATAMAmerican. LATAM  LATAM to be shown in the webpage add it to the database first as a new travel agency or as an alias of an exisiting one.
WARNING: Unknown travel agency COPA. United found, using Generic travel agency instead. If you want COPA. United to be shown in the webpage add it to the database first as a new travel agency or as an alias of an exisiting one.
WARNING: Unknown travel agency AV  found, using Generic travel agency instead. If you want AV  to be shown in the webpage add it to the database first as a new travel agency or as an alias of an exisiting one.
WARNING: Unknown travel agency AV  found, using Generic travel agency instead. If you want AV  to be shown in the webpage add it to the database first as a new travel agency or as an alias of an exisiting one.
WARNING: Unknown travel agency COPA found, using Generic travel agency instead. If you want COPA to be shown in the webpage add it to the database first as a new travel agency or as an alias of an exisiting one.
WARNING: Unknown travel agency COPA found, using Generic travel agency instead. If you want COPA to be shown in the webpage add it to the database first as a new travel agency or as an alias of an exisiting one.
WARNING: Unknown travel agency AV  found, using Generic travel agency instead. If you want AV  to be shown in the webpage add it to the database first as a new travel agency or as an alias of an exisiting one.
WARNING: Unknown travel agency AV  found, using Generic travel agency instead. If you want AV  to be shown in the webpage add it to the database first as a new travel agency or as an alias of an exisiting one.
WARNING: Unknown travel agency AV  found, using Generic travel agency instead. If you want AV  to be shown in the webpage add it to the database first as a new travel agency or as an alias of an exisiting one.
WARNING: Unknown travel agency COPA found, using Generic travel agency instead. If you want COPA to be shown in the webpage add it to the database first as a new travel agency or as an alias of an exisiting one.
WARNING: Unknown travel agency AV  found, using Generic travel agency instead. If you want AV  to be shown in the webpage add it to the database first as a new travel agency or as an alias of an exisiting one.
WARNING: Unknown travel agency Aerolineas Argentinas. United found, using Generic travel agency instead. If you want Aerolineas Argentinas. United to be shown in the webpage add it to the database first as a new travel agency or as an alias of an exisiting one.
WARNING: Unknown travel agency Operado por Aerolineas ArgentinasTambien comercializado por DeltaAerolineas Argentinas  Delta found, using Generic travel agency instead. If you want Operado por Aerolineas ArgentinasTambien comercializado por DeltaAerolineas Argentinas  Delta to be shown in the webpage add it to the database first as a new travel agency or as an alias of an exisiting one.
WARNING: Unknown travel agency United found, using Generic travel agency instead. If you want United to be shown in the webpage add it to the database first as a new travel agency or as an alias of an exisiting one.
WARNING: Unknown travel agency Operado por AmericanTambien comercializado por LATAMAA  found, using Generic travel agency instead. If you want Operado por AmericanTambien comercializado por LATAMAA  to be shown in the webpage add it to the database first as a new travel agency or as an alias of an exisiting one.
WARNING: Unknown travel agency Frontier found, using Generic travel agency instead. If you want Frontier to be shown in the webpage add it to the database first as a new travel agency or as an alias of an exisiting one.
WARNING: Unknown travel agency United found, using Generic travel agency instead. If you want United to be shown in the webpage add it to the database first as a new travel agency or as an alias of an exisiting one.
WARNING: Unknown travel agency AV  found, using Generic travel agency instead. If you want AV  to be shown in the webpage add it to the database first as a new travel agency or as an alias of an exisiting one.
WARNING: Unknown travel agency American found, using Generic travel agency instead. If you want American to be shown in the webpage add it to the database first as a new travel agency or as an alias of an exisiting one.
WARNING: Unknown travel agency COPA found, using Generic travel agency instead. If you want COPA to be shown in the webpage add it to the database first as a new travel agency or as an alias of an exisiting one.
WARNING: Unknown travel agency COPA found, using Generic travel agency instead. If you want COPA to be shown in the webpage add it to the database first as a new travel agency or as an alias of an exisiting one.
WARNING: Unknown travel agency Operado por American. LATAMTambien comercializado por LATAMAmerican. LATAM  LATAM found, using Generic travel agency instead. If you want Operado por American. LATAMTambien comercializado por LATAMAmerican. LATAM  LATAM to be shown in the webpage add it to the database first as a new travel agency or as an alias of an exisiting one.
WARNING: Unknown travel agency Operado por LATAMTambien comercializado por LATAM. AmericanJJ  found, using Generic travel agency instead. If you want Operado por LATAMTambien comercializado por LATAM. AmericanJJ  to be shown in the webpage add it to the database first as a new travel agency or as an alias of an exisiting one.
WARNING: Unknown travel agency COPA found, using Generic travel agency instead. If you want COPA to be shown in the webpage add it to the database first as a new travel agency or as an alias of an exisiting one.
WARNING: Unknown travel agency AV  found, using Generic travel agency instead. If you want AV  to be shown in the webpage add it to the database first as a new travel agency or as an alias of an exisiting one.
WARNING: Unknown travel agency AV  found, using Generic travel agency instead. If you want AV  to be shown in the webpage add it to the database first as a new travel agency or as an alias of an exisiting one.
WARNING: Unknown travel agency COPA found, using Generic travel agency instead. If you want COPA to be shown in the webpage add it to the database first as a new travel agency or as an alias of an exisiting one.
WARNING: Unknown travel agency AV  found, using Generic travel agency instead. If you want AV  to be shown in the webpage add it to the database first as a new travel agency or as an alias of an exisiting one.
WARNING: Unknown travel agency AV  found, using Generic travel agency instead. If you want AV  to be shown in the webpage add it to the database first as a new travel agency or as an alias of an exisiting one.
WARNING: Unknown travel agency AV  found, using Generic travel agency instead. If you want AV  to be shown in the webpage add it to the database first as a new travel agency or as an alias of an exisiting one.
WARNING: Unknown travel agency Operado por Aerolineas ArgentinasTambien comercializado por DeltaAerolineas Argentinas  Delta found, using Generic travel agency instead. If you want Operado por Aerolineas ArgentinasTambien comercializado por DeltaAerolineas Argentinas  Delta to be shown in the webpage add it to the database first as a new travel agency or as an alias of an exisiting one.
WARNING: Unknown travel agency Operado por Aerolineas ArgentinasTambien comercializado por DeltaAerolineas Argentinas  Delta found, using Generic travel agency instead. If you want Operado por Aerolineas ArgentinasTambien comercializado por DeltaAerolineas Argentinas  Delta to be shown in the webpage add it to the database first as a new travel agency or as an alias of an exisiting one.
WARNING: Unknown travel agency Operado por AmericanTambien comercializado por LATAMAA  found, using Generic travel agency instead. If you want Operado por AmericanTambien comercializado por LATAMAA  to be shown in the webpage add it to the database first as a new travel agency or as an alias of an exisiting one.
WARNING: Unknown travel agency Operado por AmericanTambien comercializado por LATAMAmerican  LATAM found, using Generic travel agency instead. If you want Operado por AmericanTambien comercializado por LATAMAmerican  LATAM to be shown in the webpage add it to the database first as a new travel agency or as an alias of an exisiting one.
WARNING: Unknown travel agency Operado por AmericanTambien comercializado por LATAMAA  found, using Generic travel agency instead. If you want Operado por AmericanTambien comercializado por LATAMAA  to be shown in the webpage add it to the database first as a new travel agency or as an alias of an exisiting one.
WARNING: Unknown travel agency Operado por LATAMTambien comercializado por AmericanLATAM  American found, using Generic travel agency instead. If you want Operado por LATAMTambien comercializado por AmericanLATAM  American to be shown in the webpage add it to the database first as a new travel agency or as an alias of an exisiting one.
WARNING: Unknown travel agency Frontier found, using Generic travel agency instead. If you want Frontier to be shown in the webpage add it to the database first as a new travel agency or as an alias of an exisiting one.
WARNING: Unknown travel agency American found, using Generic travel agency instead. If you want American to be shown in the webpage add it to the database first as a new travel agency or as an alias of an exisiting one.
LOADING PROCESS ENDED
Number of travels loaded: 130
Ended at: 31-10-2017 01:51:55
Time spent loading: 0:02:03.195021
----------------------------------------------------
