
LOADING PROCESS STARTED
Page name: UruBus
Main URL: https://www.urubus.com.uy/es/omnibus-horarios?btn_search=Buscar+Omnibus&
Page Type: 1
Number of cities to load: 2
Number of days to load: 1
Started at: 30-10-2017 23:05:25
ERROR: While parsing the string 0 with the regular expression city_distance and with the formula x=[round((city_distance * 2.015 + 13))]
ERROR: While parsing the string 0 with the regular expression city_distance and with the formula x=[round((city_distance * 2.015 + 13))]
ERROR: While parsing the string 0 with the regular expression city_distance and with the formula x=[round((city_distance * 2.015 + 13))]
ERROR: While parsing the string 0 with the regular expression city_distance and with the formula x=[round((city_distance * 2.015 + 13))]
ERROR: While parsing the string 0 with the regular expression city_distance and with the formula x=[round((city_distance * 2.015 + 13))]
ERROR: While parsing the string 0 with the regular expression city_distance and with the formula x=[round((city_distance * 2.015 + 13))]
ERROR: While parsing the string 0 with the regular expression city_distance and with the formula x=[round((city_distance * 2.015 + 13))]
ERROR: While parsing the string 0 with the regular expression city_distance and with the formula x=[round((city_distance * 2.015 + 13))]
ERROR: While parsing the string 0 with the regular expression city_distance and with the formula x=[round((city_distance * 2.015 + 13))]
ERROR: While parsing the string 0 with the regular expression city_distance and with the formula x=[round((city_distance * 2.015 + 13))]
ERROR: While parsing the string 0 with the regular expression city_distance and with the formula x=[round((city_distance * 2.015 + 13))]
ERROR: While parsing the string 0 with the regular expression city_distance and with the formula x=[round((city_distance * 2.015 + 13))]
ERROR: While parsing the string 0 with the regular expression city_distance and with the formula x=[round((city_distance * 2.015 + 13))]
ERROR: While parsing the string 0 with the regular expression city_distance and with the formula x=[round((city_distance * 2.015 + 13))]
ERROR: While parsing the string 0 with the regular expression city_distance and with the formula x=[round((city_distance * 2.015 + 13))]
ERROR: While parsing the string 0 with the regular expression city_distance and with the formula x=[round((city_distance * 2.015 + 13))]
ERROR: While parsing the string 0 with the regular expression city_distance and with the formula x=[round((city_distance * 2.015 + 13))]
ERROR: While parsing the string 0 with the regular expression city_distance and with the formula x=[round((city_distance * 2.015 + 13))]
ERROR: While parsing the string 0 with the regular expression city_distance and with the formula x=[round((city_distance * 2.015 + 13))]
ERROR: While parsing the string 0 with the regular expression city_distance and with the formula x=[round((city_distance * 2.015 + 13))]
ERROR: While parsing the string 0 with the regular expression city_distance and with the formula x=[round((city_distance * 2.015 + 13))]
ERROR: While parsing the string 0 with the regular expression city_distance and with the formula x=[round((city_distance * 2.015 + 13))]
ERROR: While parsing the string 0 with the regular expression city_distance and with the formula x=[round((city_distance * 2.015 + 13))]
ERROR: While parsing the string 0 with the regular expression city_distance and with the formula x=[round((city_distance * 2.015 + 13))]
ERROR: While parsing the string 0 with the regular expression city_distance and with the formula x=[round((city_distance * 2.015 + 13))]
ERROR: While parsing the string 0 with the regular expression city_distance and with the formula x=[round((city_distance * 2.015 + 13))]
ERROR: While parsing the string 0 with the regular expression city_distance and with the formula x=[round((city_distance * 2.015 + 13))]
ERROR: While parsing the string 0 with the regular expression city_distance and with the formula x=[round((city_distance * 2.015 + 13))]
ERROR: While parsing the string 0 with the regular expression city_distance and with the formula x=[round((city_distance * 2.015 + 13))]
ERROR: While parsing the string 0 with the regular expression city_distance and with the formula x=[round((city_distance * 2.015 + 13))]
ERROR: While parsing the string 0 with the regular expression city_distance and with the formula x=[round((city_distance * 2.015 + 13))]
ERROR: While parsing the string 0 with the regular expression city_distance and with the formula x=[round((city_distance * 2.015 + 13))]
ERROR: While parsing the string 0 with the regular expression city_distance and with the formula x=[round((city_distance * 2.015 + 13))]
ERROR: While parsing the string 0 with the regular expression city_distance and with the formula x=[round((city_distance * 2.015 + 13))]
ERROR: While parsing the string 0 with the regular expression city_distance and with the formula x=[round((city_distance * 2.015 + 13))]
ERROR: While parsing the string 0 with the regular expression city_distance and with the formula x=[round((city_distance * 2.015 + 13))]
ERROR: While parsing the string 0 with the regular expression city_distance and with the formula x=[round((city_distance * 2.015 + 13))]
ERROR: While parsing the string 0 with the regular expression city_distance and with the formula x=[round((city_distance * 2.015 + 13))]
ERROR: While parsing the string 0 with the regular expression city_distance and with the formula x=[round((city_distance * 2.015 + 13))]
ERROR: While parsing the string 0 with the regular expression city_distance and with the formula x=[round((city_distance * 2.015 + 13))]
ERROR: While parsing the string 0 with the regular expression city_distance and with the formula x=[round((city_distance * 2.015 + 13))]
ERROR: While parsing the string 0 with the regular expression city_distance and with the formula x=[round((city_distance * 2.015 + 13))]
ERROR: While parsing the string 0 with the regular expression city_distance and with the formula x=[round((city_distance * 2.015 + 13))]
ERROR: While parsing the string 0 with the regular expression city_distance and with the formula x=[round((city_distance * 2.015 + 13))]
ERROR: While parsing the string 0 with the regular expression city_distance and with the formula x=[round((city_distance * 2.015 + 13))]
ERROR: While parsing the string 0 with the regular expression city_distance and with the formula x=[round((city_distance * 2.015 + 13))]
ERROR: While parsing the string 0 with the regular expression city_distance and with the formula x=[round((city_distance * 2.015 + 13))]
ERROR: While parsing the string 0 with the regular expression city_distance and with the formula x=[round((city_distance * 2.015 + 13))]
ERROR: While parsing the string 0 with the regular expression city_distance and with the formula x=[round((city_distance * 2.015 + 13))]
ERROR: While parsing the string 0 with the regular expression city_distance and with the formula x=[round((city_distance * 2.015 + 13))]
ERROR: While parsing the string 0 with the regular expression city_distance and with the formula x=[round((city_distance * 2.015 + 13))]
ERROR: While parsing the string 0 with the regular expression city_distance and with the formula x=[round((city_distance * 2.015 + 13))]
ERROR: While parsing the string 0 with the regular expression city_distance and with the formula x=[round((city_distance * 2.015 + 13))]
ERROR: While parsing the string 0 with the regular expression city_distance and with the formula x=[round((city_distance * 2.015 + 13))]
ERROR: While parsing the string 0 with the regular expression city_distance and with the formula x=[round((city_distance * 2.015 + 13))]
ERROR: While parsing the string 0 with the regular expression city_distance and with the formula x=[round((city_distance * 2.015 + 13))]
ERROR: While parsing the string 0 with the regular expression city_distance and with the formula x=[round((city_distance * 2.015 + 13))]
ERROR: While parsing the string 0 with the regular expression city_distance and with the formula x=[round((city_distance * 2.015 + 13))]
ERROR: While parsing the string 0 with the regular expression city_distance and with the formula x=[round((city_distance * 2.015 + 13))]
ERROR: While parsing the string 0 with the regular expression city_distance and with the formula x=[round((city_distance * 2.015 + 13))]
ERROR: While parsing the string 0 with the regular expression city_distance and with the formula x=[round((city_distance * 2.015 + 13))]
ERROR: While parsing the string 0 with the regular expression city_distance and with the formula x=[round((city_distance * 2.015 + 13))]
ERROR: While parsing the string 0 with the regular expression city_distance and with the formula x=[round((city_distance * 2.015 + 13))]
ERROR: While parsing the string 0 with the regular expression city_distance and with the formula x=[round((city_distance * 2.015 + 13))]
ERROR: While parsing the string 0 with the regular expression city_distance and with the formula x=[round((city_distance * 2.015 + 13))]
ERROR: While parsing the string 0 with the regular expression city_distance and with the formula x=[round((city_distance * 2.015 + 13))]
ERROR: While parsing the string 0 with the regular expression city_distance and with the formula x=[round((city_distance * 2.015 + 13))]
ERROR: While parsing the string 0 with the regular expression city_distance and with the formula x=[round((city_distance * 2.015 + 13))]
ERROR: While parsing the string 0 with the regular expression city_distance and with the formula x=[round((city_distance * 2.015 + 13))]
ERROR: While parsing the string 0 with the regular expression city_distance and with the formula x=[round((city_distance * 2.015 + 13))]
ERROR: While parsing the string 0 with the regular expression city_distance and with the formula x=[round((city_distance * 2.015 + 13))]
ERROR: While parsing the string 0 with the regular expression city_distance and with the formula x=[round((city_distance * 2.015 + 13))]
ERROR: While parsing the string 0 with the regular expression city_distance and with the formula x=[round((city_distance * 2.015 + 13))]
ERROR: While parsing the string 0 with the regular expression city_distance and with the formula x=[round((city_distance * 2.015 + 13))]
ERROR: While parsing the string 0 with the regular expression city_distance and with the formula x=[round((city_distance * 2.015 + 13))]
ERROR: While parsing the string 0 with the regular expression city_distance and with the formula x=[round((city_distance * 2.015 + 13))]
ERROR: While parsing the string 0 with the regular expression city_distance and with the formula x=[round((city_distance * 2.015 + 13))]
ERROR: While parsing the string 0 with the regular expression city_distance and with the formula x=[round((city_distance * 2.015 + 13))]
LOADING PROCESS ENDED
Number of travels loaded: 77
Ended at: 30-10-2017 23:06:09
Time spent loading: 0:00:43.558560
----------------------------------------------------

LOADING PROCESS STARTED
Page name: UruBus
Main URL: https://www.urubus.com.uy/es/omnibus-horarios?btn_search=Buscar+Omnibus&
Page Type: 1
Number of cities to load: 2
Number of days to load: 1
Started at: 30-10-2017 23:19:40
ERROR: While parsing the string 0 with the regular expression city_distance and with the formula x=[round((city_distance * 2.015 + 13))]
ERROR: While parsing the string 0 with the regular expression city_distance and with the formula x=[round((city_distance * 2.015 + 13))]
ERROR: While parsing the string 0 with the regular expression city_distance and with the formula x=[round((city_distance * 2.015 + 13))]
ERROR: While parsing the string 0 with the regular expression city_distance and with the formula x=[round((city_distance * 2.015 + 13))]
ERROR: While parsing the string 0 with the regular expression city_distance and with the formula x=[round((city_distance * 2.015 + 13))]
ERROR: While parsing the string 0 with the regular expression city_distance and with the formula x=[round((city_distance * 2.015 + 13))]
ERROR: While parsing the string 0 with the regular expression city_distance and with the formula x=[round((city_distance * 2.015 + 13))]
ERROR: While parsing the string 0 with the regular expression city_distance and with the formula x=[round((city_distance * 2.015 + 13))]
ERROR: While parsing the string 0 with the regular expression city_distance and with the formula x=[round((city_distance * 2.015 + 13))]
ERROR: While parsing the string 0 with the regular expression city_distance and with the formula x=[round((city_distance * 2.015 + 13))]
ERROR: While parsing the string 0 with the regular expression city_distance and with the formula x=[round((city_distance * 2.015 + 13))]
ERROR: While parsing the string 0 with the regular expression city_distance and with the formula x=[round((city_distance * 2.015 + 13))]
ERROR: While parsing the string 0 with the regular expression city_distance and with the formula x=[round((city_distance * 2.015 + 13))]
ERROR: While parsing the string 0 with the regular expression city_distance and with the formula x=[round((city_distance * 2.015 + 13))]
ERROR: While parsing the string 0 with the regular expression city_distance and with the formula x=[round((city_distance * 2.015 + 13))]
ERROR: While parsing the string 0 with the regular expression city_distance and with the formula x=[round((city_distance * 2.015 + 13))]
ERROR: While parsing the string 0 with the regular expression city_distance and with the formula x=[round((city_distance * 2.015 + 13))]
ERROR: While parsing the string 0 with the regular expression city_distance and with the formula x=[round((city_distance * 2.015 + 13))]
ERROR: While parsing the string 0 with the regular expression city_distance and with the formula x=[round((city_distance * 2.015 + 13))]
ERROR: While parsing the string 0 with the regular expression city_distance and with the formula x=[round((city_distance * 2.015 + 13))]
ERROR: While parsing the string 0 with the regular expression city_distance and with the formula x=[round((city_distance * 2.015 + 13))]
ERROR: While parsing the string 0 with the regular expression city_distance and with the formula x=[round((city_distance * 2.015 + 13))]
ERROR: While parsing the string 0 with the regular expression city_distance and with the formula x=[round((city_distance * 2.015 + 13))]
ERROR: While parsing the string 0 with the regular expression city_distance and with the formula x=[round((city_distance * 2.015 + 13))]
ERROR: While parsing the string 0 with the regular expression city_distance and with the formula x=[round((city_distance * 2.015 + 13))]
ERROR: While parsing the string 0 with the regular expression city_distance and with the formula x=[round((city_distance * 2.015 + 13))]
ERROR: While parsing the string 0 with the regular expression city_distance and with the formula x=[round((city_distance * 2.015 + 13))]
ERROR: While parsing the string 0 with the regular expression city_distance and with the formula x=[round((city_distance * 2.015 + 13))]
ERROR: While parsing the string 0 with the regular expression city_distance and with the formula x=[round((city_distance * 2.015 + 13))]
ERROR: While parsing the string 0 with the regular expression city_distance and with the formula x=[round((city_distance * 2.015 + 13))]
ERROR: While parsing the string 0 with the regular expression city_distance and with the formula x=[round((city_distance * 2.015 + 13))]
ERROR: While parsing the string 0 with the regular expression city_distance and with the formula x=[round((city_distance * 2.015 + 13))]
ERROR: While parsing the string 0 with the regular expression city_distance and with the formula x=[round((city_distance * 2.015 + 13))]
ERROR: While parsing the string 0 with the regular expression city_distance and with the formula x=[round((city_distance * 2.015 + 13))]
ERROR: While parsing the string 0 with the regular expression city_distance and with the formula x=[round((city_distance * 2.015 + 13))]
ERROR: While parsing the string 0 with the regular expression city_distance and with the formula x=[round((city_distance * 2.015 + 13))]
ERROR: While parsing the string 0 with the regular expression city_distance and with the formula x=[round((city_distance * 2.015 + 13))]
ERROR: While parsing the string 0 with the regular expression city_distance and with the formula x=[round((city_distance * 2.015 + 13))]
ERROR: While parsing the string 0 with the regular expression city_distance and with the formula x=[round((city_distance * 2.015 + 13))]
ERROR: While parsing the string 0 with the regular expression city_distance and with the formula x=[round((city_distance * 2.015 + 13))]
ERROR: While parsing the string 0 with the regular expression city_distance and with the formula x=[round((city_distance * 2.015 + 13))]
ERROR: While parsing the string 0 with the regular expression city_distance and with the formula x=[round((city_distance * 2.015 + 13))]
ERROR: While parsing the string 0 with the regular expression city_distance and with the formula x=[round((city_distance * 2.015 + 13))]
ERROR: While parsing the string 0 with the regular expression city_distance and with the formula x=[round((city_distance * 2.015 + 13))]
ERROR: While parsing the string 0 with the regular expression city_distance and with the formula x=[round((city_distance * 2.015 + 13))]
ERROR: While parsing the string 0 with the regular expression city_distance and with the formula x=[round((city_distance * 2.015 + 13))]
ERROR: While parsing the string 0 with the regular expression city_distance and with the formula x=[round((city_distance * 2.015 + 13))]
ERROR: While parsing the string 0 with the regular expression city_distance and with the formula x=[round((city_distance * 2.015 + 13))]
ERROR: While parsing the string 0 with the regular expression city_distance and with the formula x=[round((city_distance * 2.015 + 13))]
ERROR: While parsing the string 0 with the regular expression city_distance and with the formula x=[round((city_distance * 2.015 + 13))]
ERROR: While parsing the string 0 with the regular expression city_distance and with the formula x=[round((city_distance * 2.015 + 13))]
ERROR: While parsing the string 0 with the regular expression city_distance and with the formula x=[round((city_distance * 2.015 + 13))]
ERROR: While parsing the string 0 with the regular expression city_distance and with the formula x=[round((city_distance * 2.015 + 13))]
ERROR: While parsing the string 0 with the regular expression city_distance and with the formula x=[round((city_distance * 2.015 + 13))]
ERROR: While parsing the string 0 with the regular expression city_distance and with the formula x=[round((city_distance * 2.015 + 13))]
ERROR: While parsing the string 0 with the regular expression city_distance and with the formula x=[round((city_distance * 2.015 + 13))]
ERROR: While parsing the string 0 with the regular expression city_distance and with the formula x=[round((city_distance * 2.015 + 13))]
ERROR: While parsing the string 0 with the regular expression city_distance and with the formula x=[round((city_distance * 2.015 + 13))]
ERROR: While parsing the string 0 with the regular expression city_distance and with the formula x=[round((city_distance * 2.015 + 13))]
ERROR: While parsing the string 0 with the regular expression city_distance and with the formula x=[round((city_distance * 2.015 + 13))]
ERROR: While parsing the string 0 with the regular expression city_distance and with the formula x=[round((city_distance * 2.015 + 13))]
ERROR: While parsing the string 0 with the regular expression city_distance and with the formula x=[round((city_distance * 2.015 + 13))]
ERROR: While parsing the string 0 with the regular expression city_distance and with the formula x=[round((city_distance * 2.015 + 13))]
ERROR: While parsing the string 0 with the regular expression city_distance and with the formula x=[round((city_distance * 2.015 + 13))]
ERROR: While parsing the string 0 with the regular expression city_distance and with the formula x=[round((city_distance * 2.015 + 13))]
ERROR: While parsing the string 0 with the regular expression city_distance and with the formula x=[round((city_distance * 2.015 + 13))]
ERROR: While parsing the string 0 with the regular expression city_distance and with the formula x=[round((city_distance * 2.015 + 13))]
ERROR: While parsing the string 0 with the regular expression city_distance and with the formula x=[round((city_distance * 2.015 + 13))]
ERROR: While parsing the string 0 with the regular expression city_distance and with the formula x=[round((city_distance * 2.015 + 13))]
ERROR: While parsing the string 0 with the regular expression city_distance and with the formula x=[round((city_distance * 2.015 + 13))]
ERROR: While parsing the string 0 with the regular expression city_distance and with the formula x=[round((city_distance * 2.015 + 13))]
ERROR: While parsing the string 0 with the regular expression city_distance and with the formula x=[round((city_distance * 2.015 + 13))]
ERROR: While parsing the string 0 with the regular expression city_distance and with the formula x=[round((city_distance * 2.015 + 13))]
ERROR: While parsing the string 0 with the regular expression city_distance and with the formula x=[round((city_distance * 2.015 + 13))]
ERROR: While parsing the string 0 with the regular expression city_distance and with the formula x=[round((city_distance * 2.015 + 13))]
ERROR: While parsing the string 0 with the regular expression city_distance and with the formula x=[round((city_distance * 2.015 + 13))]
ERROR: While parsing the string 0 with the regular expression city_distance and with the formula x=[round((city_distance * 2.015 + 13))]
ERROR: While parsing the string 0 with the regular expression city_distance and with the formula x=[round((city_distance * 2.015 + 13))]
LOADING PROCESS ENDED
Number of travels loaded: 77
Ended at: 30-10-2017 23:20:16
Time spent loading: 0:00:35.697498
----------------------------------------------------

LOADING PROCESS STARTED
Page name: UruBus
Main URL: https://www.urubus.com.uy/es/omnibus-horarios?btn_search=Buscar+Omnibus&
Page Type: 1
Number of cities to load: 2
Number of days to load: 1
Started at: 30-10-2017 23:21:40
ERROR: While parsing the string 0 with the regular expression city_distance and with the formula x=[round((city_distance * 2.015 + 13))]
ERROR: While parsing the string 0 with the regular expression city_distance and with the formula x=[round((city_distance * 2.015 + 13))]
ERROR: While parsing the string 0 with the regular expression city_distance and with the formula x=[round((city_distance * 2.015 + 13))]
ERROR: While parsing the string 0 with the regular expression city_distance and with the formula x=[round((city_distance * 2.015 + 13))]
ERROR: While parsing the string 0 with the regular expression city_distance and with the formula x=[round((city_distance * 2.015 + 13))]
ERROR: While parsing the string 0 with the regular expression city_distance and with the formula x=[round((city_distance * 2.015 + 13))]
ERROR: While parsing the string 0 with the regular expression city_distance and with the formula x=[round((city_distance * 2.015 + 13))]
ERROR: While parsing the string 0 with the regular expression city_distance and with the formula x=[round((city_distance * 2.015 + 13))]
ERROR: While parsing the string 0 with the regular expression city_distance and with the formula x=[round((city_distance * 2.015 + 13))]
ERROR: While parsing the string 0 with the regular expression city_distance and with the formula x=[round((city_distance * 2.015 + 13))]
ERROR: While parsing the string 0 with the regular expression city_distance and with the formula x=[round((city_distance * 2.015 + 13))]
ERROR: While parsing the string 0 with the regular expression city_distance and with the formula x=[round((city_distance * 2.015 + 13))]
ERROR: While parsing the string 0 with the regular expression city_distance and with the formula x=[round((city_distance * 2.015 + 13))]
ERROR: While parsing the string 0 with the regular expression city_distance and with the formula x=[round((city_distance * 2.015 + 13))]
ERROR: While parsing the string 0 with the regular expression city_distance and with the formula x=[round((city_distance * 2.015 + 13))]
ERROR: While parsing the string 0 with the regular expression city_distance and with the formula x=[round((city_distance * 2.015 + 13))]
ERROR: While parsing the string 0 with the regular expression city_distance and with the formula x=[round((city_distance * 2.015 + 13))]
ERROR: While parsing the string 0 with the regular expression city_distance and with the formula x=[round((city_distance * 2.015 + 13))]
ERROR: While parsing the string 0 with the regular expression city_distance and with the formula x=[round((city_distance * 2.015 + 13))]
ERROR: While parsing the string 0 with the regular expression city_distance and with the formula x=[round((city_distance * 2.015 + 13))]
ERROR: While parsing the string 0 with the regular expression city_distance and with the formula x=[round((city_distance * 2.015 + 13))]
ERROR: While parsing the string 0 with the regular expression city_distance and with the formula x=[round((city_distance * 2.015 + 13))]
ERROR: While parsing the string 0 with the regular expression city_distance and with the formula x=[round((city_distance * 2.015 + 13))]
ERROR: While parsing the string 0 with the regular expression city_distance and with the formula x=[round((city_distance * 2.015 + 13))]
ERROR: While parsing the string 0 with the regular expression city_distance and with the formula x=[round((city_distance * 2.015 + 13))]
ERROR: While parsing the string 0 with the regular expression city_distance and with the formula x=[round((city_distance * 2.015 + 13))]
ERROR: While parsing the string 0 with the regular expression city_distance and with the formula x=[round((city_distance * 2.015 + 13))]
ERROR: While parsing the string 0 with the regular expression city_distance and with the formula x=[round((city_distance * 2.015 + 13))]
ERROR: While parsing the string 0 with the regular expression city_distance and with the formula x=[round((city_distance * 2.015 + 13))]
ERROR: While parsing the string 0 with the regular expression city_distance and with the formula x=[round((city_distance * 2.015 + 13))]
ERROR: While parsing the string 0 with the regular expression city_distance and with the formula x=[round((city_distance * 2.015 + 13))]
ERROR: While parsing the string 0 with the regular expression city_distance and with the formula x=[round((city_distance * 2.015 + 13))]
ERROR: While parsing the string 0 with the regular expression city_distance and with the formula x=[round((city_distance * 2.015 + 13))]
ERROR: While parsing the string 0 with the regular expression city_distance and with the formula x=[round((city_distance * 2.015 + 13))]
ERROR: While parsing the string 0 with the regular expression city_distance and with the formula x=[round((city_distance * 2.015 + 13))]
ERROR: While parsing the string 0 with the regular expression city_distance and with the formula x=[round((city_distance * 2.015 + 13))]
ERROR: While parsing the string 0 with the regular expression city_distance and with the formula x=[round((city_distance * 2.015 + 13))]
ERROR: While parsing the string 0 with the regular expression city_distance and with the formula x=[round((city_distance * 2.015 + 13))]
ERROR: While parsing the string 0 with the regular expression city_distance and with the formula x=[round((city_distance * 2.015 + 13))]
ERROR: While parsing the string 0 with the regular expression city_distance and with the formula x=[round((city_distance * 2.015 + 13))]
ERROR: While parsing the string 0 with the regular expression city_distance and with the formula x=[round((city_distance * 2.015 + 13))]
ERROR: While parsing the string 0 with the regular expression city_distance and with the formula x=[round((city_distance * 2.015 + 13))]
ERROR: While parsing the string 0 with the regular expression city_distance and with the formula x=[round((city_distance * 2.015 + 13))]
ERROR: While parsing the string 0 with the regular expression city_distance and with the formula x=[round((city_distance * 2.015 + 13))]
ERROR: While parsing the string 0 with the regular expression city_distance and with the formula x=[round((city_distance * 2.015 + 13))]
ERROR: While parsing the string 0 with the regular expression city_distance and with the formula x=[round((city_distance * 2.015 + 13))]
ERROR: While parsing the string 0 with the regular expression city_distance and with the formula x=[round((city_distance * 2.015 + 13))]
ERROR: While parsing the string 0 with the regular expression city_distance and with the formula x=[round((city_distance * 2.015 + 13))]
ERROR: While parsing the string 0 with the regular expression city_distance and with the formula x=[round((city_distance * 2.015 + 13))]
ERROR: While parsing the string 0 with the regular expression city_distance and with the formula x=[round((city_distance * 2.015 + 13))]
ERROR: While parsing the string 0 with the regular expression city_distance and with the formula x=[round((city_distance * 2.015 + 13))]
ERROR: While parsing the string 0 with the regular expression city_distance and with the formula x=[round((city_distance * 2.015 + 13))]
ERROR: While parsing the string 0 with the regular expression city_distance and with the formula x=[round((city_distance * 2.015 + 13))]
ERROR: While parsing the string 0 with the regular expression city_distance and with the formula x=[round((city_distance * 2.015 + 13))]
ERROR: While parsing the string 0 with the regular expression city_distance and with the formula x=[round((city_distance * 2.015 + 13))]
ERROR: While parsing the string 0 with the regular expression city_distance and with the formula x=[round((city_distance * 2.015 + 13))]
ERROR: While parsing the string 0 with the regular expression city_distance and with the formula x=[round((city_distance * 2.015 + 13))]
ERROR: While parsing the string 0 with the regular expression city_distance and with the formula x=[round((city_distance * 2.015 + 13))]
ERROR: While parsing the string 0 with the regular expression city_distance and with the formula x=[round((city_distance * 2.015 + 13))]
ERROR: While parsing the string 0 with the regular expression city_distance and with the formula x=[round((city_distance * 2.015 + 13))]
ERROR: While parsing the string 0 with the regular expression city_distance and with the formula x=[round((city_distance * 2.015 + 13))]
ERROR: While parsing the string 0 with the regular expression city_distance and with the formula x=[round((city_distance * 2.015 + 13))]
ERROR: While parsing the string 0 with the regular expression city_distance and with the formula x=[round((city_distance * 2.015 + 13))]
ERROR: While parsing the string 0 with the regular expression city_distance and with the formula x=[round((city_distance * 2.015 + 13))]
ERROR: While parsing the string 0 with the regular expression city_distance and with the formula x=[round((city_distance * 2.015 + 13))]
ERROR: While parsing the string 0 with the regular expression city_distance and with the formula x=[round((city_distance * 2.015 + 13))]
ERROR: While parsing the string 0 with the regular expression city_distance and with the formula x=[round((city_distance * 2.015 + 13))]
ERROR: While parsing the string 0 with the regular expression city_distance and with the formula x=[round((city_distance * 2.015 + 13))]
ERROR: While parsing the string 0 with the regular expression city_distance and with the formula x=[round((city_distance * 2.015 + 13))]
ERROR: While parsing the string 0 with the regular expression city_distance and with the formula x=[round((city_distance * 2.015 + 13))]
ERROR: While parsing the string 0 with the regular expression city_distance and with the formula x=[round((city_distance * 2.015 + 13))]
ERROR: While parsing the string 0 with the regular expression city_distance and with the formula x=[round((city_distance * 2.015 + 13))]
ERROR: While parsing the string 0 with the regular expression city_distance and with the formula x=[round((city_distance * 2.015 + 13))]
ERROR: While parsing the string 0 with the regular expression city_distance and with the formula x=[round((city_distance * 2.015 + 13))]
ERROR: While parsing the string 0 with the regular expression city_distance and with the formula x=[round((city_distance * 2.015 + 13))]
ERROR: While parsing the string 0 with the regular expression city_distance and with the formula x=[round((city_distance * 2.015 + 13))]
ERROR: While parsing the string 0 with the regular expression city_distance and with the formula x=[round((city_distance * 2.015 + 13))]
ERROR: While parsing the string 0 with the regular expression city_distance and with the formula x=[round((city_distance * 2.015 + 13))]
LOADING PROCESS ENDED
Number of travels loaded: 77
Ended at: 30-10-2017 23:22:28
Time spent loading: 0:00:47.610411
----------------------------------------------------

LOADING PROCESS STARTED
Page name: UruBus
Main URL: https://www.urubus.com.uy/es/omnibus-horarios?btn_search=Buscar+Omnibus&
Page Type: 1
Number of cities to load: 2
Number of days to load: 1
Started at: 30-10-2017 23:27:58
LOADING PROCESS ENDED
Number of travels loaded: 155
Ended at: 30-10-2017 23:28:41
Time spent loading: 0:00:42.749821
----------------------------------------------------

LOADING PROCESS STARTED
Page name: UruBus
Main URL: https://www.urubus.com.uy/es/omnibus-horarios?btn_search=Buscar+Omnibus&
Page Type: 1
Number of cities to load: 20
Number of days to load: 1
Started at: 31-10-2017 02:07:30
WARNING: Unknown travel agency COTABU found, using Generic travel agency instead. If you want COTABU to be shown in the webpage add it to the database first as a new travel agency or as an alias of an exisiting one.
WARNING: Unknown travel agency COA found, using Generic travel agency instead. If you want COA to be shown in the webpage add it to the database first as a new travel agency or as an alias of an exisiting one.
WARNING: Unknown travel agency COA found, using Generic travel agency instead. If you want COA to be shown in the webpage add it to the database first as a new travel agency or as an alias of an exisiting one.
WARNING: Unknown travel agency COTABU found, using Generic travel agency instead. If you want COTABU to be shown in the webpage add it to the database first as a new travel agency or as an alias of an exisiting one.
WARNING: Unknown travel agency COA found, using Generic travel agency instead. If you want COA to be shown in the webpage add it to the database first as a new travel agency or as an alias of an exisiting one.
WARNING: Unknown travel agency COTABU found, using Generic travel agency instead. If you want COTABU to be shown in the webpage add it to the database first as a new travel agency or as an alias of an exisiting one.
WARNING: Unknown travel agency EL NORTENO found, using Generic travel agency instead. If you want EL NORTENO to be shown in the webpage add it to the database first as a new travel agency or as an alias of an exisiting one.
WARNING: Unknown travel agency EL NORTENO found, using Generic travel agency instead. If you want EL NORTENO to be shown in the webpage add it to the database first as a new travel agency or as an alias of an exisiting one.
WARNING: Unknown travel agency COA found, using Generic travel agency instead. If you want COA to be shown in the webpage add it to the database first as a new travel agency or as an alias of an exisiting one.
WARNING: Unknown travel agency COA found, using Generic travel agency instead. If you want COA to be shown in the webpage add it to the database first as a new travel agency or as an alias of an exisiting one.
WARNING: Unknown travel agency COA found, using Generic travel agency instead. If you want COA to be shown in the webpage add it to the database first as a new travel agency or as an alias of an exisiting one.
WARNING: Unknown travel agency BRUNO HNOS found, using Generic travel agency instead. If you want BRUNO HNOS to be shown in the webpage add it to the database first as a new travel agency or as an alias of an exisiting one.
WARNING: Unknown travel agency BRUNO HNOS found, using Generic travel agency instead. If you want BRUNO HNOS to be shown in the webpage add it to the database first as a new travel agency or as an alias of an exisiting one.
WARNING: Unknown travel agency BRUNO HNOS found, using Generic travel agency instead. If you want BRUNO HNOS to be shown in the webpage add it to the database first as a new travel agency or as an alias of an exisiting one.
WARNING: Unknown travel agency BRUNO HNOS found, using Generic travel agency instead. If you want BRUNO HNOS to be shown in the webpage add it to the database first as a new travel agency or as an alias of an exisiting one.
WARNING: Unknown travel agency BRUNO HNOS found, using Generic travel agency instead. If you want BRUNO HNOS to be shown in the webpage add it to the database first as a new travel agency or as an alias of an exisiting one.
WARNING: Unknown travel agency BRUNO HNOS found, using Generic travel agency instead. If you want BRUNO HNOS to be shown in the webpage add it to the database first as a new travel agency or as an alias of an exisiting one.
WARNING: Unknown travel agency EL NORTENO found, using Generic travel agency instead. If you want EL NORTENO to be shown in the webpage add it to the database first as a new travel agency or as an alias of an exisiting one.
WARNING: Unknown travel agency EL NORTENO found, using Generic travel agency instead. If you want EL NORTENO to be shown in the webpage add it to the database first as a new travel agency or as an alias of an exisiting one.
WARNING: Unknown travel agency BRUNO HNOS found, using Generic travel agency instead. If you want BRUNO HNOS to be shown in the webpage add it to the database first as a new travel agency or as an alias of an exisiting one.
WARNING: Unknown travel agency BRUNO HNOS found, using Generic travel agency instead. If you want BRUNO HNOS to be shown in the webpage add it to the database first as a new travel agency or as an alias of an exisiting one.
WARNING: Unknown travel agency BRUNO HNOS found, using Generic travel agency instead. If you want BRUNO HNOS to be shown in the webpage add it to the database first as a new travel agency or as an alias of an exisiting one.
WARNING: Unknown travel agency BRUNO HNOS found, using Generic travel agency instead. If you want BRUNO HNOS to be shown in the webpage add it to the database first as a new travel agency or as an alias of an exisiting one.
WARNING: Unknown travel agency GABARD found, using Generic travel agency instead. If you want GABARD to be shown in the webpage add it to the database first as a new travel agency or as an alias of an exisiting one.
WARNING: Unknown travel agency GABARD found, using Generic travel agency instead. If you want GABARD to be shown in the webpage add it to the database first as a new travel agency or as an alias of an exisiting one.
WARNING: Unknown travel agency BRUNO HNOS found, using Generic travel agency instead. If you want BRUNO HNOS to be shown in the webpage add it to the database first as a new travel agency or as an alias of an exisiting one.
WARNING: Unknown travel agency BRUNO HNOS found, using Generic travel agency instead. If you want BRUNO HNOS to be shown in the webpage add it to the database first as a new travel agency or as an alias of an exisiting one.
WARNING: Unknown travel agency BRUNO HNOS found, using Generic travel agency instead. If you want BRUNO HNOS to be shown in the webpage add it to the database first as a new travel agency or as an alias of an exisiting one.
WARNING: Unknown travel agency GABARD found, using Generic travel agency instead. If you want GABARD to be shown in the webpage add it to the database first as a new travel agency or as an alias of an exisiting one.
WARNING: Unknown travel agency GABARD found, using Generic travel agency instead. If you want GABARD to be shown in the webpage add it to the database first as a new travel agency or as an alias of an exisiting one.
WARNING: Unknown travel agency ETA found, using Generic travel agency instead. If you want ETA to be shown in the webpage add it to the database first as a new travel agency or as an alias of an exisiting one.
WARNING: Unknown travel agency ETA found, using Generic travel agency instead. If you want ETA to be shown in the webpage add it to the database first as a new travel agency or as an alias of an exisiting one.
WARNING: Unknown travel agency ETA found, using Generic travel agency instead. If you want ETA to be shown in the webpage add it to the database first as a new travel agency or as an alias of an exisiting one.
WARNING: Unknown travel agency ETA found, using Generic travel agency instead. If you want ETA to be shown in the webpage add it to the database first as a new travel agency or as an alias of an exisiting one.
WARNING: Unknown travel agency ETA found, using Generic travel agency instead. If you want ETA to be shown in the webpage add it to the database first as a new travel agency or as an alias of an exisiting one.
WARNING: Unknown travel agency PLAMA found, using Generic travel agency instead. If you want PLAMA to be shown in the webpage add it to the database first as a new travel agency or as an alias of an exisiting one.
WARNING: Unknown travel agency TUR-ESTE found, using Generic travel agency instead. If you want TUR-ESTE to be shown in the webpage add it to the database first as a new travel agency or as an alias of an exisiting one.
WARNING: Unknown travel agency TUR-ESTE found, using Generic travel agency instead. If you want TUR-ESTE to be shown in the webpage add it to the database first as a new travel agency or as an alias of an exisiting one.
WARNING: Unknown travel agency TUR-ESTE found, using Generic travel agency instead. If you want TUR-ESTE to be shown in the webpage add it to the database first as a new travel agency or as an alias of an exisiting one.
WARNING: Unknown travel agency TUR-ESTE found, using Generic travel agency instead. If you want TUR-ESTE to be shown in the webpage add it to the database first as a new travel agency or as an alias of an exisiting one.
WARNING: Unknown travel agency POSADA found, using Generic travel agency instead. If you want POSADA to be shown in the webpage add it to the database first as a new travel agency or as an alias of an exisiting one.
WARNING: Unknown travel agency POSADA found, using Generic travel agency instead. If you want POSADA to be shown in the webpage add it to the database first as a new travel agency or as an alias of an exisiting one.
WARNING: Unknown travel agency POSADA found, using Generic travel agency instead. If you want POSADA to be shown in the webpage add it to the database first as a new travel agency or as an alias of an exisiting one.
WARNING: Unknown travel agency POSADA found, using Generic travel agency instead. If you want POSADA to be shown in the webpage add it to the database first as a new travel agency or as an alias of an exisiting one.
WARNING: Unknown travel agency POSADA found, using Generic travel agency instead. If you want POSADA to be shown in the webpage add it to the database first as a new travel agency or as an alias of an exisiting one.
WARNING: Unknown travel agency POSADA found, using Generic travel agency instead. If you want POSADA to be shown in the webpage add it to the database first as a new travel agency or as an alias of an exisiting one.
WARNING: Unknown travel agency ETA found, using Generic travel agency instead. If you want ETA to be shown in the webpage add it to the database first as a new travel agency or as an alias of an exisiting one.
WARNING: Unknown travel agency ETA found, using Generic travel agency instead. If you want ETA to be shown in the webpage add it to the database first as a new travel agency or as an alias of an exisiting one.
WARNING: Unknown travel agency ETA found, using Generic travel agency instead. If you want ETA to be shown in the webpage add it to the database first as a new travel agency or as an alias of an exisiting one.
WARNING: Unknown travel agency ETA found, using Generic travel agency instead. If you want ETA to be shown in the webpage add it to the database first as a new travel agency or as an alias of an exisiting one.
WARNING: Unknown travel agency ETA found, using Generic travel agency instead. If you want ETA to be shown in the webpage add it to the database first as a new travel agency or as an alias of an exisiting one.
ERROR: While creating the URL to access travels from Mercedes to Montevideo the 2017-11-30. Check the config file for errors or check if the webpage has changed.
ERROR: While loading config file. Check the file for errors.
WARNING: Unknown travel agency COA found, using Generic travel agency instead. If you want COA to be shown in the webpage add it to the database first as a new travel agency or as an alias of an exisiting one.
WARNING: Unknown travel agency COA found, using Generic travel agency instead. If you want COA to be shown in the webpage add it to the database first as a new travel agency or as an alias of an exisiting one.
WARNING: Unknown travel agency COA found, using Generic travel agency instead. If you want COA to be shown in the webpage add it to the database first as a new travel agency or as an alias of an exisiting one.
WARNING: Unknown travel agency BRUNO HNOS found, using Generic travel agency instead. If you want BRUNO HNOS to be shown in the webpage add it to the database first as a new travel agency or as an alias of an exisiting one.
WARNING: Unknown travel agency BRUNO HNOS found, using Generic travel agency instead. If you want BRUNO HNOS to be shown in the webpage add it to the database first as a new travel agency or as an alias of an exisiting one.
WARNING: Unknown travel agency BRUNO HNOS found, using Generic travel agency instead. If you want BRUNO HNOS to be shown in the webpage add it to the database first as a new travel agency or as an alias of an exisiting one.
WARNING: Unknown travel agency BRUNO HNOS found, using Generic travel agency instead. If you want BRUNO HNOS to be shown in the webpage add it to the database first as a new travel agency or as an alias of an exisiting one.
WARNING: Unknown travel agency BRUNO HNOS found, using Generic travel agency instead. If you want BRUNO HNOS to be shown in the webpage add it to the database first as a new travel agency or as an alias of an exisiting one.
WARNING: Unknown travel agency GABARD found, using Generic travel agency instead. If you want GABARD to be shown in the webpage add it to the database first as a new travel agency or as an alias of an exisiting one.
WARNING: Unknown travel agency GABARD found, using Generic travel agency instead. If you want GABARD to be shown in the webpage add it to the database first as a new travel agency or as an alias of an exisiting one.
WARNING: Unknown travel agency BRUNO HNOS found, using Generic travel agency instead. If you want BRUNO HNOS to be shown in the webpage add it to the database first as a new travel agency or as an alias of an exisiting one.
WARNING: Unknown travel agency GABARD found, using Generic travel agency instead. If you want GABARD to be shown in the webpage add it to the database first as a new travel agency or as an alias of an exisiting one.
WARNING: Unknown travel agency BRUNO HNOS found, using Generic travel agency instead. If you want BRUNO HNOS to be shown in the webpage add it to the database first as a new travel agency or as an alias of an exisiting one.
WARNING: Unknown travel agency BRUNO HNOS found, using Generic travel agency instead. If you want BRUNO HNOS to be shown in the webpage add it to the database first as a new travel agency or as an alias of an exisiting one.
WARNING: Unknown travel agency GABARD found, using Generic travel agency instead. If you want GABARD to be shown in the webpage add it to the database first as a new travel agency or as an alias of an exisiting one.
WARNING: Unknown travel agency EL NORTENO found, using Generic travel agency instead. If you want EL NORTENO to be shown in the webpage add it to the database first as a new travel agency or as an alias of an exisiting one.
WARNING: Unknown travel agency EL NORTENO found, using Generic travel agency instead. If you want EL NORTENO to be shown in the webpage add it to the database first as a new travel agency or as an alias of an exisiting one.
WARNING: Unknown travel agency COTMI found, using Generic travel agency instead. If you want COTMI to be shown in the webpage add it to the database first as a new travel agency or as an alias of an exisiting one.
WARNING: Unknown travel agency COTMI found, using Generic travel agency instead. If you want COTMI to be shown in the webpage add it to the database first as a new travel agency or as an alias of an exisiting one.
WARNING: Unknown travel agency COTMI found, using Generic travel agency instead. If you want COTMI to be shown in the webpage add it to the database first as a new travel agency or as an alias of an exisiting one.
WARNING: Unknown travel agency COTMI found, using Generic travel agency instead. If you want COTMI to be shown in the webpage add it to the database first as a new travel agency or as an alias of an exisiting one.
WARNING: Unknown travel agency COTMI found, using Generic travel agency instead. If you want COTMI to be shown in the webpage add it to the database first as a new travel agency or as an alias of an exisiting one.
WARNING: Unknown travel agency COTMI found, using Generic travel agency instead. If you want COTMI to be shown in the webpage add it to the database first as a new travel agency or as an alias of an exisiting one.
WARNING: Unknown travel agency COTMI found, using Generic travel agency instead. If you want COTMI to be shown in the webpage add it to the database first as a new travel agency or as an alias of an exisiting one.
WARNING: Unknown travel agency COTMI found, using Generic travel agency instead. If you want COTMI to be shown in the webpage add it to the database first as a new travel agency or as an alias of an exisiting one.
WARNING: Unknown travel agency COTMI found, using Generic travel agency instead. If you want COTMI to be shown in the webpage add it to the database first as a new travel agency or as an alias of an exisiting one.
WARNING: Unknown travel agency COTMI found, using Generic travel agency instead. If you want COTMI to be shown in the webpage add it to the database first as a new travel agency or as an alias of an exisiting one.
WARNING: Unknown travel agency COTMI found, using Generic travel agency instead. If you want COTMI to be shown in the webpage add it to the database first as a new travel agency or as an alias of an exisiting one.
WARNING: Unknown travel agency COTMI found, using Generic travel agency instead. If you want COTMI to be shown in the webpage add it to the database first as a new travel agency or as an alias of an exisiting one.
WARNING: Unknown travel agency COTMI found, using Generic travel agency instead. If you want COTMI to be shown in the webpage add it to the database first as a new travel agency or as an alias of an exisiting one.
WARNING: Unknown travel agency COTMI found, using Generic travel agency instead. If you want COTMI to be shown in the webpage add it to the database first as a new travel agency or as an alias of an exisiting one.
WARNING: Unknown travel agency COTMI found, using Generic travel agency instead. If you want COTMI to be shown in the webpage add it to the database first as a new travel agency or as an alias of an exisiting one.
WARNING: Unknown travel agency COTMI found, using Generic travel agency instead. If you want COTMI to be shown in the webpage add it to the database first as a new travel agency or as an alias of an exisiting one.
WARNING: Unknown travel agency COTMI found, using Generic travel agency instead. If you want COTMI to be shown in the webpage add it to the database first as a new travel agency or as an alias of an exisiting one.
WARNING: Unknown travel agency COTMI found, using Generic travel agency instead. If you want COTMI to be shown in the webpage add it to the database first as a new travel agency or as an alias of an exisiting one.
WARNING: Unknown travel agency COTMI found, using Generic travel agency instead. If you want COTMI to be shown in the webpage add it to the database first as a new travel agency or as an alias of an exisiting one.
WARNING: Unknown travel agency COTMI found, using Generic travel agency instead. If you want COTMI to be shown in the webpage add it to the database first as a new travel agency or as an alias of an exisiting one.
WARNING: Unknown travel agency COTMI found, using Generic travel agency instead. If you want COTMI to be shown in the webpage add it to the database first as a new travel agency or as an alias of an exisiting one.
WARNING: Unknown travel agency COTMI found, using Generic travel agency instead. If you want COTMI to be shown in the webpage add it to the database first as a new travel agency or as an alias of an exisiting one.
WARNING: Unknown travel agency COTMI found, using Generic travel agency instead. If you want COTMI to be shown in the webpage add it to the database first as a new travel agency or as an alias of an exisiting one.
WARNING: Unknown travel agency COTMI found, using Generic travel agency instead. If you want COTMI to be shown in the webpage add it to the database first as a new travel agency or as an alias of an exisiting one.
WARNING: Unknown travel agency COTMI found, using Generic travel agency instead. If you want COTMI to be shown in the webpage add it to the database first as a new travel agency or as an alias of an exisiting one.
WARNING: Unknown travel agency COTMI found, using Generic travel agency instead. If you want COTMI to be shown in the webpage add it to the database first as a new travel agency or as an alias of an exisiting one.
WARNING: Unknown travel agency COTMI found, using Generic travel agency instead. If you want COTMI to be shown in the webpage add it to the database first as a new travel agency or as an alias of an exisiting one.
WARNING: Unknown travel agency COTMI found, using Generic travel agency instead. If you want COTMI to be shown in the webpage add it to the database first as a new travel agency or as an alias of an exisiting one.
WARNING: Unknown travel agency COTMI found, using Generic travel agency instead. If you want COTMI to be shown in the webpage add it to the database first as a new travel agency or as an alias of an exisiting one.
WARNING: Unknown travel agency COTMI found, using Generic travel agency instead. If you want COTMI to be shown in the webpage add it to the database first as a new travel agency or as an alias of an exisiting one.
WARNING: Unknown travel agency COTMI found, using Generic travel agency instead. If you want COTMI to be shown in the webpage add it to the database first as a new travel agency or as an alias of an exisiting one.
WARNING: Unknown travel agency EL NORTENO found, using Generic travel agency instead. If you want EL NORTENO to be shown in the webpage add it to the database first as a new travel agency or as an alias of an exisiting one.
WARNING: Unknown travel agency COTMI found, using Generic travel agency instead. If you want COTMI to be shown in the webpage add it to the database first as a new travel agency or as an alias of an exisiting one.
WARNING: Unknown travel agency EL NORTENO found, using Generic travel agency instead. If you want EL NORTENO to be shown in the webpage add it to the database first as a new travel agency or as an alias of an exisiting one.
WARNING: Unknown travel agency PLAMA found, using Generic travel agency instead. If you want PLAMA to be shown in the webpage add it to the database first as a new travel agency or as an alias of an exisiting one.
WARNING: Unknown travel agency ALONSO found, using Generic travel agency instead. If you want ALONSO to be shown in the webpage add it to the database first as a new travel agency or as an alias of an exisiting one.
WARNING: Unknown travel agency ALONSO found, using Generic travel agency instead. If you want ALONSO to be shown in the webpage add it to the database first as a new travel agency or as an alias of an exisiting one.
WARNING: Unknown travel agency ALONSO found, using Generic travel agency instead. If you want ALONSO to be shown in the webpage add it to the database first as a new travel agency or as an alias of an exisiting one.
WARNING: Unknown travel agency ALONSO found, using Generic travel agency instead. If you want ALONSO to be shown in the webpage add it to the database first as a new travel agency or as an alias of an exisiting one.
WARNING: Unknown travel agency POSADA found, using Generic travel agency instead. If you want POSADA to be shown in the webpage add it to the database first as a new travel agency or as an alias of an exisiting one.
WARNING: Unknown travel agency POSADA found, using Generic travel agency instead. If you want POSADA to be shown in the webpage add it to the database first as a new travel agency or as an alias of an exisiting one.
WARNING: Unknown travel agency POSADA found, using Generic travel agency instead. If you want POSADA to be shown in the webpage add it to the database first as a new travel agency or as an alias of an exisiting one.
WARNING: Unknown travel agency POSADA found, using Generic travel agency instead. If you want POSADA to be shown in the webpage add it to the database first as a new travel agency or as an alias of an exisiting one.
WARNING: Unknown travel agency POSADA found, using Generic travel agency instead. If you want POSADA to be shown in the webpage add it to the database first as a new travel agency or as an alias of an exisiting one.
WARNING: Unknown travel agency POSADA found, using Generic travel agency instead. If you want POSADA to be shown in the webpage add it to the database first as a new travel agency or as an alias of an exisiting one.
WARNING: Unknown travel agency POSADA found, using Generic travel agency instead. If you want POSADA to be shown in the webpage add it to the database first as a new travel agency or as an alias of an exisiting one.
WARNING: Unknown travel agency POSADA found, using Generic travel agency instead. If you want POSADA to be shown in the webpage add it to the database first as a new travel agency or as an alias of an exisiting one.
WARNING: Unknown travel agency TUR-ESTE found, using Generic travel agency instead. If you want TUR-ESTE to be shown in the webpage add it to the database first as a new travel agency or as an alias of an exisiting one.
WARNING: Unknown travel agency TUR-ESTE found, using Generic travel agency instead. If you want TUR-ESTE to be shown in the webpage add it to the database first as a new travel agency or as an alias of an exisiting one.
WARNING: Unknown travel agency TUR-ESTE found, using Generic travel agency instead. If you want TUR-ESTE to be shown in the webpage add it to the database first as a new travel agency or as an alias of an exisiting one.
WARNING: Unknown travel agency TUR-ESTE found, using Generic travel agency instead. If you want TUR-ESTE to be shown in the webpage add it to the database first as a new travel agency or as an alias of an exisiting one.
WARNING: Unknown travel agency COTABU found, using Generic travel agency instead. If you want COTABU to be shown in the webpage add it to the database first as a new travel agency or as an alias of an exisiting one.
WARNING: Unknown travel agency COTABU found, using Generic travel agency instead. If you want COTABU to be shown in the webpage add it to the database first as a new travel agency or as an alias of an exisiting one.
WARNING: Unknown travel agency COA found, using Generic travel agency instead. If you want COA to be shown in the webpage add it to the database first as a new travel agency or as an alias of an exisiting one.
WARNING: Unknown travel agency COA found, using Generic travel agency instead. If you want COA to be shown in the webpage add it to the database first as a new travel agency or as an alias of an exisiting one.
WARNING: Unknown travel agency COTABU found, using Generic travel agency instead. If you want COTABU to be shown in the webpage add it to the database first as a new travel agency or as an alias of an exisiting one.
WARNING: Unknown travel agency COA found, using Generic travel agency instead. If you want COA to be shown in the webpage add it to the database first as a new travel agency or as an alias of an exisiting one.
WARNING: Unknown travel agency EL NORTENO found, using Generic travel agency instead. If you want EL NORTENO to be shown in the webpage add it to the database first as a new travel agency or as an alias of an exisiting one.
WARNING: Unknown travel agency EL NORTENO found, using Generic travel agency instead. If you want EL NORTENO to be shown in the webpage add it to the database first as a new travel agency or as an alias of an exisiting one.
WARNING: Unknown travel agency ALONSO found, using Generic travel agency instead. If you want ALONSO to be shown in the webpage add it to the database first as a new travel agency or as an alias of an exisiting one.
WARNING: Unknown travel agency ALONSO found, using Generic travel agency instead. If you want ALONSO to be shown in the webpage add it to the database first as a new travel agency or as an alias of an exisiting one.
WARNING: Unknown travel agency ALONSO found, using Generic travel agency instead. If you want ALONSO to be shown in the webpage add it to the database first as a new travel agency or as an alias of an exisiting one.
WARNING: Unknown travel agency EL NORTENO found, using Generic travel agency instead. If you want EL NORTENO to be shown in the webpage add it to the database first as a new travel agency or as an alias of an exisiting one.
WARNING: Unknown travel agency EL NORTENO found, using Generic travel agency instead. If you want EL NORTENO to be shown in the webpage add it to the database first as a new travel agency or as an alias of an exisiting one.
WARNING: Unknown travel agency COTMI found, using Generic travel agency instead. If you want COTMI to be shown in the webpage add it to the database first as a new travel agency or as an alias of an exisiting one.
WARNING: Unknown travel agency EL NORTENO found, using Generic travel agency instead. If you want EL NORTENO to be shown in the webpage add it to the database first as a new travel agency or as an alias of an exisiting one.
WARNING: Unknown travel agency COTMI found, using Generic travel agency instead. If you want COTMI to be shown in the webpage add it to the database first as a new travel agency or as an alias of an exisiting one.
WARNING: Unknown travel agency COTMI found, using Generic travel agency instead. If you want COTMI to be shown in the webpage add it to the database first as a new travel agency or as an alias of an exisiting one.
WARNING: Unknown travel agency COTMI found, using Generic travel agency instead. If you want COTMI to be shown in the webpage add it to the database first as a new travel agency or as an alias of an exisiting one.
WARNING: Unknown travel agency COTMI found, using Generic travel agency instead. If you want COTMI to be shown in the webpage add it to the database first as a new travel agency or as an alias of an exisiting one.
WARNING: Unknown travel agency COTMI found, using Generic travel agency instead. If you want COTMI to be shown in the webpage add it to the database first as a new travel agency or as an alias of an exisiting one.
WARNING: Unknown travel agency COTMI found, using Generic travel agency instead. If you want COTMI to be shown in the webpage add it to the database first as a new travel agency or as an alias of an exisiting one.
WARNING: Unknown travel agency COTMI found, using Generic travel agency instead. If you want COTMI to be shown in the webpage add it to the database first as a new travel agency or as an alias of an exisiting one.
WARNING: Unknown travel agency COTMI found, using Generic travel agency instead. If you want COTMI to be shown in the webpage add it to the database first as a new travel agency or as an alias of an exisiting one.
WARNING: Unknown travel agency COTMI found, using Generic travel agency instead. If you want COTMI to be shown in the webpage add it to the database first as a new travel agency or as an alias of an exisiting one.
WARNING: Unknown travel agency COTMI found, using Generic travel agency instead. If you want COTMI to be shown in the webpage add it to the database first as a new travel agency or as an alias of an exisiting one.
WARNING: Unknown travel agency COTMI found, using Generic travel agency instead. If you want COTMI to be shown in the webpage add it to the database first as a new travel agency or as an alias of an exisiting one.
WARNING: Unknown travel agency COTMI found, using Generic travel agency instead. If you want COTMI to be shown in the webpage add it to the database first as a new travel agency or as an alias of an exisiting one.
WARNING: Unknown travel agency COTMI found, using Generic travel agency instead. If you want COTMI to be shown in the webpage add it to the database first as a new travel agency or as an alias of an exisiting one.
WARNING: Unknown travel agency COTMI found, using Generic travel agency instead. If you want COTMI to be shown in the webpage add it to the database first as a new travel agency or as an alias of an exisiting one.
WARNING: Unknown travel agency COTMI found, using Generic travel agency instead. If you want COTMI to be shown in the webpage add it to the database first as a new travel agency or as an alias of an exisiting one.
WARNING: Unknown travel agency COTMI found, using Generic travel agency instead. If you want COTMI to be shown in the webpage add it to the database first as a new travel agency or as an alias of an exisiting one.
WARNING: Unknown travel agency COTMI found, using Generic travel agency instead. If you want COTMI to be shown in the webpage add it to the database first as a new travel agency or as an alias of an exisiting one.
WARNING: Unknown travel agency COTMI found, using Generic travel agency instead. If you want COTMI to be shown in the webpage add it to the database first as a new travel agency or as an alias of an exisiting one.
WARNING: Unknown travel agency COTMI found, using Generic travel agency instead. If you want COTMI to be shown in the webpage add it to the database first as a new travel agency or as an alias of an exisiting one.
WARNING: Unknown travel agency COTMI found, using Generic travel agency instead. If you want COTMI to be shown in the webpage add it to the database first as a new travel agency or as an alias of an exisiting one.
WARNING: Unknown travel agency COTMI found, using Generic travel agency instead. If you want COTMI to be shown in the webpage add it to the database first as a new travel agency or as an alias of an exisiting one.
WARNING: Unknown travel agency COTMI found, using Generic travel agency instead. If you want COTMI to be shown in the webpage add it to the database first as a new travel agency or as an alias of an exisiting one.
WARNING: Unknown travel agency COTMI found, using Generic travel agency instead. If you want COTMI to be shown in the webpage add it to the database first as a new travel agency or as an alias of an exisiting one.
WARNING: Unknown travel agency COTMI found, using Generic travel agency instead. If you want COTMI to be shown in the webpage add it to the database first as a new travel agency or as an alias of an exisiting one.
WARNING: Unknown travel agency COTMI found, using Generic travel agency instead. If you want COTMI to be shown in the webpage add it to the database first as a new travel agency or as an alias of an exisiting one.
WARNING: Unknown travel agency COTMI found, using Generic travel agency instead. If you want COTMI to be shown in the webpage add it to the database first as a new travel agency or as an alias of an exisiting one.
WARNING: Unknown travel agency COTMI found, using Generic travel agency instead. If you want COTMI to be shown in the webpage add it to the database first as a new travel agency or as an alias of an exisiting one.
WARNING: Unknown travel agency COTMI found, using Generic travel agency instead. If you want COTMI to be shown in the webpage add it to the database first as a new travel agency or as an alias of an exisiting one.
WARNING: Unknown travel agency COTMI found, using Generic travel agency instead. If you want COTMI to be shown in the webpage add it to the database first as a new travel agency or as an alias of an exisiting one.
WARNING: Unknown travel agency COTMI found, using Generic travel agency instead. If you want COTMI to be shown in the webpage add it to the database first as a new travel agency or as an alias of an exisiting one.
WARNING: Unknown travel agency COTMI found, using Generic travel agency instead. If you want COTMI to be shown in the webpage add it to the database first as a new travel agency or as an alias of an exisiting one.
WARNING: Unknown travel agency COTMI found, using Generic travel agency instead. If you want COTMI to be shown in the webpage add it to the database first as a new travel agency or as an alias of an exisiting one.
WARNING: Unknown travel agency EL NORTENO found, using Generic travel agency instead. If you want EL NORTENO to be shown in the webpage add it to the database first as a new travel agency or as an alias of an exisiting one.
WARNING: Unknown travel agency EL NORTENO found, using Generic travel agency instead. If you want EL NORTENO to be shown in the webpage add it to the database first as a new travel agency or as an alias of an exisiting one.
WARNING: Unknown travel agency POSADA found, using Generic travel agency instead. If you want POSADA to be shown in the webpage add it to the database first as a new travel agency or as an alias of an exisiting one.
WARNING: Unknown travel agency POSADA found, using Generic travel agency instead. If you want POSADA to be shown in the webpage add it to the database first as a new travel agency or as an alias of an exisiting one.
WARNING: Unknown travel agency POSADA found, using Generic travel agency instead. If you want POSADA to be shown in the webpage add it to the database first as a new travel agency or as an alias of an exisiting one.
WARNING: Unknown travel agency POSADA found, using Generic travel agency instead. If you want POSADA to be shown in the webpage add it to the database first as a new travel agency or as an alias of an exisiting one.
WARNING: Unknown travel agency POSADA found, using Generic travel agency instead. If you want POSADA to be shown in the webpage add it to the database first as a new travel agency or as an alias of an exisiting one.
WARNING: Unknown travel agency POSADA found, using Generic travel agency instead. If you want POSADA to be shown in the webpage add it to the database first as a new travel agency or as an alias of an exisiting one.
WARNING: Unknown travel agency POSADA found, using Generic travel agency instead. If you want POSADA to be shown in the webpage add it to the database first as a new travel agency or as an alias of an exisiting one.
WARNING: Unknown travel agency POSADA found, using Generic travel agency instead. If you want POSADA to be shown in the webpage add it to the database first as a new travel agency or as an alias of an exisiting one.
WARNING: Unknown travel agency TUR-ESTE found, using Generic travel agency instead. If you want TUR-ESTE to be shown in the webpage add it to the database first as a new travel agency or as an alias of an exisiting one.
WARNING: Unknown travel agency TUR-ESTE found, using Generic travel agency instead. If you want TUR-ESTE to be shown in the webpage add it to the database first as a new travel agency or as an alias of an exisiting one.
WARNING: Unknown travel agency TUR-ESTE found, using Generic travel agency instead. If you want TUR-ESTE to be shown in the webpage add it to the database first as a new travel agency or as an alias of an exisiting one.
WARNING: Unknown travel agency TUR-ESTE found, using Generic travel agency instead. If you want TUR-ESTE to be shown in the webpage add it to the database first as a new travel agency or as an alias of an exisiting one.
WARNING: Unknown travel agency EL NORTENO found, using Generic travel agency instead. If you want EL NORTENO to be shown in the webpage add it to the database first as a new travel agency or as an alias of an exisiting one.
WARNING: Unknown travel agency EL NORTENO found, using Generic travel agency instead. If you want EL NORTENO to be shown in the webpage add it to the database first as a new travel agency or as an alias of an exisiting one.
WARNING: Unknown travel agency EL NORTENO found, using Generic travel agency instead. If you want EL NORTENO to be shown in the webpage add it to the database first as a new travel agency or as an alias of an exisiting one.
LOADING PROCESS ENDED
Number of travels loaded: 2629
Ended at: 31-10-2017 02:59:51
Time spent loading: 0:52:20.851570
----------------------------------------------------
